<?xml version="1.0" encoding="UTF-8"?>
<testsuite xmlns:xsi="http://www.w3.org/2001/XMLSchema-instance" xsi:noNamespaceSchemaLocation="https://maven.apache.org/surefire/maven-surefire-plugin/xsd/surefire-test-report.xsd" name="com.hln.practice.PracticeApplicationTests" time="1.046" tests="1" errors="0" skipped="0" failures="0">
  <properties>
    <property name="sun.desktop" value="windows"/>
    <property name="awt.toolkit" value="sun.awt.windows.WToolkit"/>
    <property name="file.encoding.pkg" value="sun.io"/>
    <property name="java.specification.version" value="1.8"/>
    <property name="sun.cpu.isalist" value="amd64"/>
    <property name="sun.jnu.encoding" value="GBK"/>
    <property name="java.class.path" value="D:\workspeace\m1-workespace\practice\target\test-classes;D:\workspeace\m1-workespace\practice\target\classes;D:\java\work\apache-maven-3.5.3\wareHours\org\springframework\boot\spring-boot-starter\2.7.4\spring-boot-starter-2.7.4.jar;D:\java\work\apache-maven-3.5.3\wareHours\org\springframework\boot\spring-boot\2.7.4\spring-boot-2.7.4.jar;D:\java\work\apache-maven-3.5.3\wareHours\org\springframework\spring-context\5.3.23\spring-context-5.3.23.jar;D:\java\work\apache-maven-3.5.3\wareHours\org\springframework\spring-aop\5.3.23\spring-aop-5.3.23.jar;D:\java\work\apache-maven-3.5.3\wareHours\org\springframework\spring-beans\5.3.23\spring-beans-5.3.23.jar;D:\java\work\apache-maven-3.5.3\wareHours\org\springframework\spring-expression\5.3.23\spring-expression-5.3.23.jar;D:\java\work\apache-maven-3.5.3\wareHours\org\springframework\boot\spring-boot-autoconfigure\2.7.4\spring-boot-autoconfigure-2.7.4.jar;D:\java\work\apache-maven-3.5.3\wareHours\org\springframework\boot\spring-boot-starter-logging\2.7.4\spring-boot-starter-logging-2.7.4.jar;D:\java\work\apache-maven-3.5.3\wareHours\ch\qos\logback\logback-classic\1.2.11\logback-classic-1.2.11.jar;D:\java\work\apache-maven-3.5.3\wareHours\ch\qos\logback\logback-core\1.2.11\logback-core-1.2.11.jar;D:\java\work\apache-maven-3.5.3\wareHours\org\apache\logging\log4j\log4j-to-slf4j\2.17.2\log4j-to-slf4j-2.17.2.jar;D:\java\work\apache-maven-3.5.3\wareHours\org\apache\logging\log4j\log4j-api\2.17.2\log4j-api-2.17.2.jar;D:\java\work\apache-maven-3.5.3\wareHours\org\slf4j\jul-to-slf4j\1.7.36\jul-to-slf4j-1.7.36.jar;D:\java\work\apache-maven-3.5.3\wareHours\jakarta\annotation\jakarta.annotation-api\1.3.5\jakarta.annotation-api-1.3.5.jar;D:\java\work\apache-maven-3.5.3\wareHours\org\springframework\spring-core\5.3.23\spring-core-5.3.23.jar;D:\java\work\apache-maven-3.5.3\wareHours\org\springframework\spring-jcl\5.3.23\spring-jcl-5.3.23.jar;D:\java\work\apache-maven-3.5.3\wareHours\org\yaml\snakeyaml\1.30\snakeyaml-1.30.jar;D:\java\work\apache-maven-3.5.3\wareHours\org\springframework\boot\spring-boot-starter-test\2.7.4\spring-boot-starter-test-2.7.4.jar;D:\java\work\apache-maven-3.5.3\wareHours\org\springframework\boot\spring-boot-test\2.7.4\spring-boot-test-2.7.4.jar;D:\java\work\apache-maven-3.5.3\wareHours\org\springframework\boot\spring-boot-test-autoconfigure\2.7.4\spring-boot-test-autoconfigure-2.7.4.jar;D:\java\work\apache-maven-3.5.3\wareHours\com\jayway\jsonpath\json-path\2.7.0\json-path-2.7.0.jar;D:\java\work\apache-maven-3.5.3\wareHours\net\minidev\json-smart\2.4.8\json-smart-2.4.8.jar;D:\java\work\apache-maven-3.5.3\wareHours\net\minidev\accessors-smart\2.4.8\accessors-smart-2.4.8.jar;D:\java\work\apache-maven-3.5.3\wareHours\org\ow2\asm\asm\9.1\asm-9.1.jar;D:\java\work\apache-maven-3.5.3\wareHours\org\slf4j\slf4j-api\1.7.36\slf4j-api-1.7.36.jar;D:\java\work\apache-maven-3.5.3\wareHours\jakarta\xml\bind\jakarta.xml.bind-api\2.3.3\jakarta.xml.bind-api-2.3.3.jar;D:\java\work\apache-maven-3.5.3\wareHours\jakarta\activation\jakarta.activation-api\1.2.2\jakarta.activation-api-1.2.2.jar;D:\java\work\apache-maven-3.5.3\wareHours\org\assertj\assertj-core\3.22.0\assertj-core-3.22.0.jar;D:\java\work\apache-maven-3.5.3\wareHours\org\hamcrest\hamcrest\2.2\hamcrest-2.2.jar;D:\java\work\apache-maven-3.5.3\wareHours\org\junit\jupiter\junit-jupiter\5.8.2\junit-jupiter-5.8.2.jar;D:\java\work\apache-maven-3.5.3\wareHours\org\junit\jupiter\junit-jupiter-api\5.8.2\junit-jupiter-api-5.8.2.jar;D:\java\work\apache-maven-3.5.3\wareHours\org\opentest4j\opentest4j\1.2.0\opentest4j-1.2.0.jar;D:\java\work\apache-maven-3.5.3\wareHours\org\junit\platform\junit-platform-commons\1.8.2\junit-platform-commons-1.8.2.jar;D:\java\work\apache-maven-3.5.3\wareHours\org\apiguardian\apiguardian-api\1.1.2\apiguardian-api-1.1.2.jar;D:\java\work\apache-maven-3.5.3\wareHours\org\junit\jupiter\junit-jupiter-params\5.8.2\junit-jupiter-params-5.8.2.jar;D:\java\work\apache-maven-3.5.3\wareHours\org\junit\jupiter\junit-jupiter-engine\5.8.2\junit-jupiter-engine-5.8.2.jar;D:\java\work\apache-maven-3.5.3\wareHours\org\junit\platform\junit-platform-engine\1.8.2\junit-platform-engine-1.8.2.jar;D:\java\work\apache-maven-3.5.3\wareHours\org\mockito\mockito-core\4.5.1\mockito-core-4.5.1.jar;D:\java\work\apache-maven-3.5.3\wareHours\net\bytebuddy\byte-buddy\1.12.17\byte-buddy-1.12.17.jar;D:\java\work\apache-maven-3.5.3\wareHours\net\bytebuddy\byte-buddy-agent\1.12.17\byte-buddy-agent-1.12.17.jar;D:\java\work\apache-maven-3.5.3\wareHours\org\objenesis\objenesis\3.2\objenesis-3.2.jar;D:\java\work\apache-maven-3.5.3\wareHours\org\mockito\mockito-junit-jupiter\4.5.1\mockito-junit-jupiter-4.5.1.jar;D:\java\work\apache-maven-3.5.3\wareHours\org\skyscreamer\jsonassert\1.5.1\jsonassert-1.5.1.jar;D:\java\work\apache-maven-3.5.3\wareHours\com\vaadin\external\google\android-json\0.0.20131108.vaadin1\android-json-0.0.20131108.vaadin1.jar;D:\java\work\apache-maven-3.5.3\wareHours\org\springframework\spring-test\5.3.23\spring-test-5.3.23.jar;D:\java\work\apache-maven-3.5.3\wareHours\org\xmlunit\xmlunit-core\2.9.0\xmlunit-core-2.9.0.jar;"/>
    <property name="java.vm.vendor" value="Oracle Corporation"/>
    <property name="sun.arch.data.model" value="64"/>
    <property name="user.variant" value=""/>
    <property name="java.vendor.url" value="http://java.oracle.com/"/>
    <property name="user.timezone" value="Asia/Shanghai"/>
    <property name="java.vm.specification.version" value="1.8"/>
    <property name="os.name" value="Windows 8.1"/>
    <property name="user.country" value="CN"/>
    <property name="sun.java.launcher" value="SUN_STANDARD"/>
    <property name="sun.boot.library.path" value="C:\Program Files\Java\jdk1.8.0_45\jre\bin"/>
    <property name="sun.java.command" value="C:\Users\小户会~1\AppData\Local\Temp\surefire683063431962774009\surefirebooter3065640494558731877.jar C:\Users\小户会卖萌\AppData\Local\Temp\surefire683063431962774009 2022-10-15T11-21-38_431-jvmRun1 surefire995419765526762306tmp surefire_0811977186885269980tmp"/>
    <property name="surefire.test.class.path" value="D:\workspeace\m1-workespace\practice\target\test-classes;D:\workspeace\m1-workespace\practice\target\classes;D:\java\work\apache-maven-3.5.3\wareHours\org\springframework\boot\spring-boot-starter\2.7.4\spring-boot-starter-2.7.4.jar;D:\java\work\apache-maven-3.5.3\wareHours\org\springframework\boot\spring-boot\2.7.4\spring-boot-2.7.4.jar;D:\java\work\apache-maven-3.5.3\wareHours\org\springframework\spring-context\5.3.23\spring-context-5.3.23.jar;D:\java\work\apache-maven-3.5.3\wareHours\org\springframework\spring-aop\5.3.23\spring-aop-5.3.23.jar;D:\java\work\apache-maven-3.5.3\wareHours\org\springframework\spring-beans\5.3.23\spring-beans-5.3.23.jar;D:\java\work\apache-maven-3.5.3\wareHours\org\springframework\spring-expression\5.3.23\spring-expression-5.3.23.jar;D:\java\work\apache-maven-3.5.3\wareHours\org\springframework\boot\spring-boot-autoconfigure\2.7.4\spring-boot-autoconfigure-2.7.4.jar;D:\java\work\apache-maven-3.5.3\wareHours\org\springframework\boot\spring-boot-starter-logging\2.7.4\spring-boot-starter-logging-2.7.4.jar;D:\java\work\apache-maven-3.5.3\wareHours\ch\qos\logback\logback-classic\1.2.11\logback-classic-1.2.11.jar;D:\java\work\apache-maven-3.5.3\wareHours\ch\qos\logback\logback-core\1.2.11\logback-core-1.2.11.jar;D:\java\work\apache-maven-3.5.3\wareHours\org\apache\logging\log4j\log4j-to-slf4j\2.17.2\log4j-to-slf4j-2.17.2.jar;D:\java\work\apache-maven-3.5.3\wareHours\org\apache\logging\log4j\log4j-api\2.17.2\log4j-api-2.17.2.jar;D:\java\work\apache-maven-3.5.3\wareHours\org\slf4j\jul-to-slf4j\1.7.36\jul-to-slf4j-1.7.36.jar;D:\java\work\apache-maven-3.5.3\wareHours\jakarta\annotation\jakarta.annotation-api\1.3.5\jakarta.annotation-api-1.3.5.jar;D:\java\work\apache-maven-3.5.3\wareHours\org\springframework\spring-core\5.3.23\spring-core-5.3.23.jar;D:\java\work\apache-maven-3.5.3\wareHours\org\springframework\spring-jcl\5.3.23\spring-jcl-5.3.23.jar;D:\java\work\apache-maven-3.5.3\wareHours\org\yaml\snakeyaml\1.30\snakeyaml-1.30.jar;D:\java\work\apache-maven-3.5.3\wareHours\org\springframework\boot\spring-boot-starter-test\2.7.4\spring-boot-starter-test-2.7.4.jar;D:\java\work\apache-maven-3.5.3\wareHours\org\springframework\boot\spring-boot-test\2.7.4\spring-boot-test-2.7.4.jar;D:\java\work\apache-maven-3.5.3\wareHours\org\springframework\boot\spring-boot-test-autoconfigure\2.7.4\spring-boot-test-autoconfigure-2.7.4.jar;D:\java\work\apache-maven-3.5.3\wareHours\com\jayway\jsonpath\json-path\2.7.0\json-path-2.7.0.jar;D:\java\work\apache-maven-3.5.3\wareHours\net\minidev\json-smart\2.4.8\json-smart-2.4.8.jar;D:\java\work\apache-maven-3.5.3\wareHours\net\minidev\accessors-smart\2.4.8\accessors-smart-2.4.8.jar;D:\java\work\apache-maven-3.5.3\wareHours\org\ow2\asm\asm\9.1\asm-9.1.jar;D:\java\work\apache-maven-3.5.3\wareHours\org\slf4j\slf4j-api\1.7.36\slf4j-api-1.7.36.jar;D:\java\work\apache-maven-3.5.3\wareHours\jakarta\xml\bind\jakarta.xml.bind-api\2.3.3\jakarta.xml.bind-api-2.3.3.jar;D:\java\work\apache-maven-3.5.3\wareHours\jakarta\activation\jakarta.activation-api\1.2.2\jakarta.activation-api-1.2.2.jar;D:\java\work\apache-maven-3.5.3\wareHours\org\assertj\assertj-core\3.22.0\assertj-core-3.22.0.jar;D:\java\work\apache-maven-3.5.3\wareHours\org\hamcrest\hamcrest\2.2\hamcrest-2.2.jar;D:\java\work\apache-maven-3.5.3\wareHours\org\junit\jupiter\junit-jupiter\5.8.2\junit-jupiter-5.8.2.jar;D:\java\work\apache-maven-3.5.3\wareHours\org\junit\jupiter\junit-jupiter-api\5.8.2\junit-jupiter-api-5.8.2.jar;D:\java\work\apache-maven-3.5.3\wareHours\org\opentest4j\opentest4j\1.2.0\opentest4j-1.2.0.jar;D:\java\work\apache-maven-3.5.3\wareHours\org\junit\platform\junit-platform-commons\1.8.2\junit-platform-commons-1.8.2.jar;D:\java\work\apache-maven-3.5.3\wareHours\org\apiguardian\apiguardian-api\1.1.2\apiguardian-api-1.1.2.jar;D:\java\work\apache-maven-3.5.3\wareHours\org\junit\jupiter\junit-jupiter-params\5.8.2\junit-jupiter-params-5.8.2.jar;D:\java\work\apache-maven-3.5.3\wareHours\org\junit\jupiter\junit-jupiter-engine\5.8.2\junit-jupiter-engine-5.8.2.jar;D:\java\work\apache-maven-3.5.3\wareHours\org\junit\platform\junit-platform-engine\1.8.2\junit-platform-engine-1.8.2.jar;D:\java\work\apache-maven-3.5.3\wareHours\org\mockito\mockito-core\4.5.1\mockito-core-4.5.1.jar;D:\java\work\apache-maven-3.5.3\wareHours\net\bytebuddy\byte-buddy\1.12.17\byte-buddy-1.12.17.jar;D:\java\work\apache-maven-3.5.3\wareHours\net\bytebuddy\byte-buddy-agent\1.12.17\byte-buddy-agent-1.12.17.jar;D:\java\work\apache-maven-3.5.3\wareHours\org\objenesis\objenesis\3.2\objenesis-3.2.jar;D:\java\work\apache-maven-3.5.3\wareHours\org\mockito\mockito-junit-jupiter\4.5.1\mockito-junit-jupiter-4.5.1.jar;D:\java\work\apache-maven-3.5.3\wareHours\org\skyscreamer\jsonassert\1.5.1\jsonassert-1.5.1.jar;D:\java\work\apache-maven-3.5.3\wareHours\com\vaadin\external\google\android-json\0.0.20131108.vaadin1\android-json-0.0.20131108.vaadin1.jar;D:\java\work\apache-maven-3.5.3\wareHours\org\springframework\spring-test\5.3.23\spring-test-5.3.23.jar;D:\java\work\apache-maven-3.5.3\wareHours\org\xmlunit\xmlunit-core\2.9.0\xmlunit-core-2.9.0.jar;"/>
    <property name="sun.cpu.endian" value="little"/>
    <property name="user.home" value="C:\Users\小户会卖萌"/>
    <property name="user.language" value="zh"/>
    <property name="java.specification.vendor" value="Oracle Corporation"/>
    <property name="java.home" value="C:\Program Files\Java\jdk1.8.0_45\jre"/>
    <property name="basedir" value="D:\workspeace\m1-workespace\practice"/>
    <property name="file.separator" value="\"/>
    <property name="line.separator" value="&#10;"/>
    <property name="java.vm.specification.vendor" value="Oracle Corporation"/>
    <property name="java.specification.name" value="Java Platform API Specification"/>
    <property name="java.awt.graphicsenv" value="sun.awt.Win32GraphicsEnvironment"/>
    <property name="surefire.real.class.path" value="C:\Users\小户会~1\AppData\Local\Temp\surefire683063431962774009\surefirebooter3065640494558731877.jar"/>
    <property name="sun.boot.class.path" value="C:\Program Files\Java\jdk1.8.0_45\jre\lib\resources.jar;C:\Program Files\Java\jdk1.8.0_45\jre\lib\rt.jar;C:\Program Files\Java\jdk1.8.0_45\jre\lib\sunrsasign.jar;C:\Program Files\Java\jdk1.8.0_45\jre\lib\jsse.jar;C:\Program Files\Java\jdk1.8.0_45\jre\lib\jce.jar;C:\Program Files\Java\jdk1.8.0_45\jre\lib\charsets.jar;C:\Program Files\Java\jdk1.8.0_45\jre\lib\jfr.jar;C:\Program Files\Java\jdk1.8.0_45\jre\classes"/>
    <property name="user.script" value=""/>
    <property name="sun.management.compiler" value="HotSpot 64-Bit Tiered Compilers"/>
    <property name="java.runtime.version" value="1.8.0_45-b14"/>
    <property name="user.name" value="小户会卖萌"/>
    <property name="path.separator" value=";"/>
    <property name="os.version" value="6.3"/>
    <property name="java.endorsed.dirs" value="C:\Program Files\Java\jdk1.8.0_45\jre\lib\endorsed"/>
    <property name="java.runtime.name" value="Java(TM) SE Runtime Environment"/>
    <property name="file.encoding" value="GBK"/>
    <property name="java.vm.name" value="Java HotSpot(TM) 64-Bit Server VM"/>
    <property name="localRepository" value="D:\java\work\apache-maven-3.5.3\wareHours"/>
    <property name="java.vendor.url.bug" value="http://bugreport.sun.com/bugreport/"/>
    <property name="java.io.tmpdir" value="C:\Users\小户会~1\AppData\Local\Temp\"/>
    <property name="java.version" value="1.8.0_45"/>
    <property name="user.dir" value="D:\workspeace\m1-workespace\practice"/>
    <property name="os.arch" value="amd64"/>
    <property name="java.vm.specification.name" value="Java Virtual Machine Specification"/>
    <property name="java.awt.printerjob" value="sun.awt.windows.WPrinterJob"/>
    <property name="sun.os.patch.level" value=""/>
    <property name="idea.version2019.3.4" value="true"/>
    <property name="java.library.path" value="C:\Program Files\Java\jdk1.8.0_45\jre\bin;C:\WINDOWS\Sun\Java\bin;C:\WINDOWS\system32;C:\WINDOWS;C:\ProgramData\Oracle\Java\javapath;C:\Windows\system32;C:\Windows;C:\Windows\System32\Wbem;C:\Windows\System32\WindowsPowerShell\v1.0\;C:\Windows\System32\OpenSSH\;C:\Program Files (x86)\NVIDIA Corporation\PhysX\Common;C:\Program Files\NVIDIA Corporation\NVIDIA NvDLISR;C:\Program Files\Java\jdk1.8.0_45\bin;C:\Program Files\Java\jdk1.8.0_45\jre\bin;D:\myTool\nodejs\;D:\java\work\apache-maven-3.5.3\apache-maven-3.5.3\bin;C:\WINDOWS\system32;C:\WINDOWS;C:\WINDOWS\System32\Wbem;C:\WINDOWS\System32\WindowsPowerShell\v1.0\;C:\WINDOWS\System32\OpenSSH\;C:\Program Files\MySQL\MySQL Shell 8.0\bin\;C:\Users\小户会卖萌\AppData\Local\Microsoft\WindowsApps;;D:\java\工具\IntelliJ IDEA Community Edition 2021.1.2\bin;;D:\myTool\vscode\Microsoft VS Code\bin;C:\Users\小户会卖萌\AppData\Roaming\npm;."/>
    <property name="java.vm.info" value="mixed mode"/>
    <property name="java.vendor" value="Oracle Corporation"/>
    <property name="java.vm.version" value="25.45-b02"/>
    <property name="java.ext.dirs" value="C:\Program Files\Java\jdk1.8.0_45\jre\lib\ext;C:\WINDOWS\Sun\Java\lib\ext"/>
    <property name="sun.io.unicode.encoding" value="UnicodeLittle"/>
    <property name="maven.repo.local" value="D:\java\work\apache-maven-3.5.3\wareHours"/>
    <property name="java.class.version" value="52.0"/>
  </properties>
  <testcase name="contextLoads" classname="com.hln.practice.PracticeApplicationTests" time="0.147"/>
</testsuite>